<?xml version="1.0" encoding="UTF-8"?>
<!-- Generated by org.testng.reporters.JUnitReportReporter -->
<testsuite hostname="Sid-PC" failures="0" tests="1" name="com.rest.testcases.AuthTests" time="4.352" errors="0" timestamp="2024-08-11T09:47:21 IST" skipped="0">
  <testcase classname="com.rest.testcases.AuthTests" name="registerTest" time="4.352"/>
</testsuite> <!-- com.rest.testcases.AuthTests -->
