<?xml version="1.0" encoding="UTF-8"?>
<!-- Generated by org.testng.reporters.JUnitReportReporter -->
<testsuite hostname="Sid-PC" failures="0" tests="1" name="com.api.test.tests.LoginTest" time="0.030" errors="0" timestamp="2024-09-11T08:56:26 IST" skipped="0">
  <testcase classname="com.api.test.tests.LoginTest" name="generate_token_with_credentials" time="0.030"/>
</testsuite> <!-- com.api.test.tests.LoginTest -->
